# JRE version: Java(TM) SE Runtime Environment (7.0_51-b13) (build 1.7.0_51-b13)
# Java VM: Java HotSpot(TM) 64-Bit Server VM (24.51-b03 mixed mode bsd-amd64 compressed oops)
Heap
 PSYoungGen      total 141824K, used 106139K [0x00000007d5500000, 0x00000007de600000, 0x0000000800000000)
  eden space 135168K, 74% used [0x00000007d5500000,0x00000007db7de110,0x00000007dd900000)
  from space 6656K, 73% used [0x00000007ddf80000,0x00000007de448c68,0x00000007de600000)
  to   space 6656K, 0% used [0x00000007dd900000,0x00000007dd900000,0x00000007ddf80000)
 ParOldGen       total 87040K, used 31546K [0x0000000780000000, 0x0000000785500000, 0x00000007d5500000)
  object space 87040K, 36% used [0x0000000780000000,0x0000000781ece9d8,0x0000000785500000)
 PSPermGen       total 21504K, used 18918K [0x000000077ae00000, 0x000000077c300000, 0x0000000780000000)
  object space 21504K, 87% used [0x000000077ae00000,0x000000077c079b98,0x000000077c300000)
GC Heap History (10 events):
Event: 4.476 GC heap before
{Heap before GC invocations=2 (full 0):
 PSYoungGen      total 38912K, used 38808K [0x00000007d5500000, 0x00000007d8000000, 0x0000000800000000)
  eden space 33792K, 99% used [0x00000007d5500000,0x00000007d75e8708,0x00000007d7600000)
  from space 5120K, 99% used [0x00000007d7600000,0x00000007d7afd9c0,0x00000007d7b00000)
  to   space 5120K, 0% used [0x00000007d7b00000,0x00000007d7b00000,0x00000007d8000000)
 ParOldGen       total 87040K, used 407K [0x0000000780000000, 0x0000000785500000, 0x00000007d5500000)
  object space 87040K, 0% used [0x0000000780000000,0x0000000780065e30,0x0000000785500000)
 PSPermGen       total 21504K, used 11150K [0x000000077ae00000, 0x000000077c300000, 0x0000000780000000)
  object space 21504K, 51% used [0x000000077ae00000,0x000000077b8e38a0,0x000000077c300000)
Event: 4.494 GC heap after
Heap after GC invocations=2 (full 0):
 PSYoungGen      total 38912K, used 5111K [0x00000007d5500000, 0x00000007da100000, 0x0000000800000000)
  eden space 33792K, 0% used [0x00000007d5500000,0x00000007d5500000,0x00000007d7600000)
  from space 5120K, 99% used [0x00000007d7b00000,0x00000007d7ffdca8,0x00000007d8000000)
  to   space 5120K, 0% used [0x00000007d7600000,0x00000007d7600000,0x00000007d7b00000)
 ParOldGen       total 87040K, used 1522K [0x0000000780000000, 0x0000000785500000, 0x00000007d5500000)
  object space 87040K, 1% used [0x0000000780000000,0x000000078017cb68,0x0000000785500000)
 PSPermGen       total 21504K, used 11150K [0x000000077ae00000, 0x000000077c300000, 0x0000000780000000)
  object space 21504K, 51% used [0x000000077ae00000,0x000000077b8e38a0,0x000000077c300000)
}
Event: 5.476 GC heap before
{Heap before GC invocations=3 (full 0):
 PSYoungGen      total 38912K, used 38903K [0x00000007d5500000, 0x00000007da100000, 0x0000000800000000)
  eden space 33792K, 100% used [0x00000007d5500000,0x00000007d7600000,0x00000007d7600000)
  from space 5120K, 99% used [0x00000007d7b00000,0x00000007d7ffdca8,0x00000007d8000000)
  to   space 5120K, 0% used [0x00000007d7600000,0x00000007d7600000,0x00000007d7b00000)
 ParOldGen       total 87040K, used 1522K [0x0000000780000000, 0x0000000785500000, 0x00000007d5500000)
  object space 87040K, 1% used [0x0000000780000000,0x000000078017cb68,0x0000000785500000)
 PSPermGen       total 21504K, used 11395K [0x000000077ae00000, 0x000000077c300000, 0x0000000780000000)
  object space 21504K, 52% used [0x000000077ae00000,0x000000077b920cc8,0x000000077c300000)
Event: 5.519 GC heap after
Heap after GC invocations=3 (full 0):
 PSYoungGen      total 38912K, used 4930K [0x00000007d5500000, 0x00000007da100000, 0x0000000800000000)
  eden space 33792K, 0% used [0x00000007d5500000,0x00000007d5500000,0x00000007d7600000)
  from space 5120K, 96% used [0x00000007d7600000,0x00000007d7ad0838,0x00000007d7b00000)
  to   space 5120K, 0% used [0x00000007d9c00000,0x00000007d9c00000,0x00000007da100000)
 ParOldGen       total 87040K, used 31538K [0x0000000780000000, 0x0000000785500000, 0x00000007d5500000)
  object space 87040K, 36% used [0x0000000780000000,0x0000000781ecc9d8,0x0000000785500000)
 PSPermGen       total 21504K, used 11395K [0x000000077ae00000, 0x000000077c300000, 0x0000000780000000)
  object space 21504K, 52% used [0x000000077ae00000,0x000000077b920cc8,0x000000077c300000)
}
Event: 6.181 GC heap before
{Heap before GC invocations=4 (full 0):
 PSYoungGen      total 38912K, used 38722K [0x00000007d5500000, 0x00000007da100000, 0x0000000800000000)
  eden space 33792K, 100% used [0x00000007d5500000,0x00000007d7600000,0x00000007d7600000)
  from space 5120K, 96% used [0x00000007d7600000,0x00000007d7ad0838,0x00000007d7b00000)
  to   space 5120K, 0% used [0x00000007d9c00000,0x00000007d9c00000,0x00000007da100000)
 ParOldGen       total 87040K, used 31538K [0x0000000780000000, 0x0000000785500000, 0x00000007d5500000)
  object space 87040K, 36% used [0x0000000780000000,0x0000000781ecc9d8,0x0000000785500000)
 PSPermGen       total 21504K, used 11400K [0x000000077ae00000, 0x000000077c300000, 0x0000000780000000)
  object space 21504K, 53% used [0x000000077ae00000,0x000000077b922138,0x000000077c300000)
Event: 6.195 GC heap after
Heap after GC invocations=4 (full 0):
 PSYoungGen      total 72704K, used 4867K [0x00000007d5500000, 0x00000007da100000, 0x0000000800000000)
  eden space 67584K, 0% used [0x00000007d5500000,0x00000007d5500000,0x00000007d9700000)
  from space 5120K, 95% used [0x00000007d9c00000,0x00000007da0c0c68,0x00000007da100000)
  to   space 5120K, 0% used [0x00000007d9700000,0x00000007d9700000,0x00000007d9c00000)
 ParOldGen       total 87040K, used 31546K [0x0000000780000000, 0x0000000785500000, 0x00000007d5500000)
  object space 87040K, 36% used [0x0000000780000000,0x0000000781ece9d8,0x0000000785500000)
 PSPermGen       total 21504K, used 11400K [0x000000077ae00000, 0x000000077c300000, 0x0000000780000000)
  object space 21504K, 53% used [0x000000077ae00000,0x000000077b922138,0x000000077c300000)
}
Event: 7.457 GC heap before
{Heap before GC invocations=5 (full 0):
 PSYoungGen      total 72704K, used 72451K [0x00000007d5500000, 0x00000007da100000, 0x0000000800000000)
  eden space 67584K, 100% used [0x00000007d5500000,0x00000007d9700000,0x00000007d9700000)
  from space 5120K, 95% used [0x00000007d9c00000,0x00000007da0c0c68,0x00000007da100000)
  to   space 5120K, 0% used [0x00000007d9700000,0x00000007d9700000,0x00000007d9c00000)
 ParOldGen       total 87040K, used 31546K [0x0000000780000000, 0x0000000785500000, 0x00000007d5500000)
  object space 87040K, 36% used [0x0000000780000000,0x0000000781ece9d8,0x0000000785500000)
 PSPermGen       total 21504K, used 11401K [0x000000077ae00000, 0x000000077c300000, 0x0000000780000000)
  object space 21504K, 53% used [0x000000077ae00000,0x000000077b922740,0x000000077c300000)
Event: 7.465 GC heap after
Heap after GC invocations=5 (full 0):
 PSYoungGen      total 72704K, used 4819K [0x00000007d5500000, 0x00000007de600000, 0x0000000800000000)
  eden space 67584K, 0% used [0x00000007d5500000,0x00000007d5500000,0x00000007d9700000)
  from space 5120K, 94% used [0x00000007d9700000,0x00000007d9bb4e80,0x00000007d9c00000)
  to   space 6656K, 0% used [0x00000007ddf80000,0x00000007ddf80000,0x00000007de600000)
 ParOldGen       total 87040K, used 31546K [0x0000000780000000, 0x0000000785500000, 0x00000007d5500000)
  object space 87040K, 36% used [0x0000000780000000,0x0000000781ece9d8,0x0000000785500000)
 PSPermGen       total 21504K, used 11401K [0x000000077ae00000, 0x000000077c300000, 0x0000000780000000)
  object space 21504K, 53% used [0x000000077ae00000,0x000000077b922740,0x000000077c300000)
}
Event: 8.132 GC heap before
{Heap before GC invocations=6 (full 0):
 PSYoungGen      total 72704K, used 57226K [0x00000007d5500000, 0x00000007de600000, 0x0000000800000000)
  eden space 67584K, 77% used [0x00000007d5500000,0x00000007d882dc88,0x00000007d9700000)
  from space 5120K, 94% used [0x00000007d9700000,0x00000007d9bb4e80,0x00000007d9c00000)
  to   space 6656K, 0% used [0x00000007ddf80000,0x00000007ddf80000,0x00000007de600000)
 ParOldGen       total 87040K, used 31546K [0x0000000780000000, 0x0000000785500000, 0x00000007d5500000)
  object space 87040K, 36% used [0x0000000780000000,0x0000000781ece9d8,0x0000000785500000)
 PSPermGen       total 21504K, used 11415K [0x000000077ae00000, 0x000000077c300000, 0x0000000780000000)
  object space 21504K, 53% used [0x000000077ae00000,0x000000077b925c98,0x000000077c300000)
Event: 8.137 GC heap after
Heap after GC invocations=6 (full 0):
 PSYoungGen      total 141824K, used 4899K [0x00000007d5500000, 0x00000007de600000, 0x0000000800000000)
  eden space 135168K, 0% used [0x00000007d5500000,0x00000007d5500000,0x00000007dd900000)
  from space 6656K, 73% used [0x00000007ddf80000,0x00000007de448c68,0x00000007de600000)
  to   space 6656K, 0% used [0x00000007dd900000,0x00000007dd900000,0x00000007ddf80000)
 ParOldGen       total 87040K, used 31546K [0x0000000780000000, 0x0000000785500000, 0x00000007d5500000)
  object space 87040K, 36% used [0x0000000780000000,0x0000000781ece9d8,0x0000000785500000)
 PSPermGen       total 21504K, used 11415K [0x000000077ae00000, 0x000000077c300000, 0x0000000780000000)
  object space 21504K, 53% used [0x000000077ae00000,0x000000077b925c98,0x000000077c300000)
}

