# JRE version: Java(TM) SE Runtime Environment (7.0_51-b13) (build 1.7.0_51-b13)
# Java VM: Java HotSpot(TM) 64-Bit Server VM (24.51-b03 mixed mode bsd-amd64 compressed oops)
Heap
 PSYoungGen      total 163328K, used 126022K [0x00000007d5500000, 0x00000007e1400000, 0x0000000800000000)
  eden space 135168K, 89% used [0x00000007d5500000,0x00000007dcae8718,0x00000007dd900000)
  from space 28160K, 18% used [0x00000007df880000,0x00000007dfda92f0,0x00000007e1400000)
  to   space 30208K, 0% used [0x00000007dd900000,0x00000007dd900000,0x00000007df680000)
 ParOldGen       total 87040K, used 32239K [0x0000000780000000, 0x0000000785500000, 0x00000007d5500000)
  object space 87040K, 37% used [0x0000000780000000,0x0000000781f7bf18,0x0000000785500000)
 PSPermGen       total 21504K, used 18946K [0x000000077ae00000, 0x000000077c300000, 0x0000000780000000)
  object space 21504K, 88% used [0x000000077ae00000,0x000000077c080800,0x000000077c300000)
GC Heap History (10 events):
Event: 3.266 GC heap before
{Heap before GC invocations=2 (full 0):
 PSYoungGen      total 38912K, used 37978K [0x00000007d5500000, 0x00000007d8000000, 0x0000000800000000)
  eden space 33792K, 97% used [0x00000007d5500000,0x00000007d751b7b8,0x00000007d7600000)
  from space 5120K, 99% used [0x00000007d7600000,0x00000007d7afb1e0,0x00000007d7b00000)
  to   space 5120K, 0% used [0x00000007d7b00000,0x00000007d7b00000,0x00000007d8000000)
 ParOldGen       total 87040K, used 485K [0x0000000780000000, 0x0000000785500000, 0x00000007d5500000)
  object space 87040K, 0% used [0x0000000780000000,0x0000000780079648,0x0000000785500000)
 PSPermGen       total 21504K, used 11156K [0x000000077ae00000, 0x000000077c300000, 0x0000000780000000)
  object space 21504K, 51% used [0x000000077ae00000,0x000000077b8e5020,0x000000077c300000)
Event: 3.272 GC heap after
Heap after GC invocations=2 (full 0):
 PSYoungGen      total 38912K, used 4714K [0x00000007d5500000, 0x00000007d8000000, 0x0000000800000000)
  eden space 33792K, 0% used [0x00000007d5500000,0x00000007d5500000,0x00000007d7600000)
  from space 5120K, 92% used [0x00000007d7b00000,0x00000007d7f9aaf8,0x00000007d8000000)
  to   space 5120K, 0% used [0x00000007d7600000,0x00000007d7600000,0x00000007d7b00000)
 ParOldGen       total 87040K, used 485K [0x0000000780000000, 0x0000000785500000, 0x00000007d5500000)
  object space 87040K, 0% used [0x0000000780000000,0x0000000780079648,0x0000000785500000)
 PSPermGen       total 21504K, used 11156K [0x000000077ae00000, 0x000000077c300000, 0x0000000780000000)
  object space 21504K, 51% used [0x000000077ae00000,0x000000077b8e5020,0x000000077c300000)
}
Event: 4.303 GC heap before
{Heap before GC invocations=3 (full 0):
 PSYoungGen      total 38912K, used 38506K [0x00000007d5500000, 0x00000007d8000000, 0x0000000800000000)
  eden space 33792K, 100% used [0x00000007d5500000,0x00000007d7600000,0x00000007d7600000)
  from space 5120K, 92% used [0x00000007d7b00000,0x00000007d7f9aaf8,0x00000007d8000000)
  to   space 5120K, 0% used [0x00000007d7600000,0x00000007d7600000,0x00000007d7b00000)
 ParOldGen       total 87040K, used 485K [0x0000000780000000, 0x0000000785500000, 0x00000007d5500000)
  object space 87040K, 0% used [0x0000000780000000,0x0000000780079648,0x0000000785500000)
 PSPermGen       total 21504K, used 11395K [0x000000077ae00000, 0x000000077c300000, 0x0000000780000000)
  object space 21504K, 52% used [0x000000077ae00000,0x000000077b920c48,0x000000077c300000)
Event: 4.349 GC heap after
Heap after GC invocations=3 (full 0):
 PSYoungGen      total 38912K, used 5106K [0x00000007d5500000, 0x00000007da100000, 0x0000000800000000)
  eden space 33792K, 0% used [0x00000007d5500000,0x00000007d5500000,0x00000007d7600000)
  from space 5120K, 99% used [0x00000007d7600000,0x00000007d7afc930,0x00000007d7b00000)
  to   space 5120K, 0% used [0x00000007d9c00000,0x00000007d9c00000,0x00000007da100000)
 ParOldGen       total 87040K, used 31142K [0x0000000780000000, 0x0000000785500000, 0x00000007d5500000)
  object space 87040K, 35% used [0x0000000780000000,0x0000000781e69870,0x0000000785500000)
 PSPermGen       total 21504K, used 11395K [0x000000077ae00000, 0x000000077c300000, 0x0000000780000000)
  object space 21504K, 52% used [0x000000077ae00000,0x000000077b920c48,0x000000077c300000)
}
Event: 5.141 GC heap before
{Heap before GC invocations=4 (full 0):
 PSYoungGen      total 38912K, used 38898K [0x00000007d5500000, 0x00000007da100000, 0x0000000800000000)
  eden space 33792K, 100% used [0x00000007d5500000,0x00000007d7600000,0x00000007d7600000)
  from space 5120K, 99% used [0x00000007d7600000,0x00000007d7afc930,0x00000007d7b00000)
  to   space 5120K, 0% used [0x00000007d9c00000,0x00000007d9c00000,0x00000007da100000)
 ParOldGen       total 87040K, used 31142K [0x0000000780000000, 0x0000000785500000, 0x00000007d5500000)
  object space 87040K, 35% used [0x0000000780000000,0x0000000781e698e0,0x0000000785500000)
 PSPermGen       total 21504K, used 11400K [0x000000077ae00000, 0x000000077c300000, 0x0000000780000000)
  object space 21504K, 53% used [0x000000077ae00000,0x000000077b9220b8,0x000000077c300000)
Event: 5.151 GC heap after
Heap after GC invocations=4 (full 0):
 PSYoungGen      total 72704K, used 5088K [0x00000007d5500000, 0x00000007da100000, 0x0000000800000000)
  eden space 67584K, 0% used [0x00000007d5500000,0x00000007d5500000,0x00000007d9700000)
  from space 5120K, 99% used [0x00000007d9c00000,0x00000007da0f82e8,0x00000007da100000)
  to   space 5120K, 0% used [0x00000007d9700000,0x00000007d9700000,0x00000007d9c00000)
 ParOldGen       total 87040K, used 31191K [0x0000000780000000, 0x0000000785500000, 0x00000007d5500000)
  object space 87040K, 35% used [0x0000000780000000,0x0000000781e75d10,0x0000000785500000)
 PSPermGen       total 21504K, used 11400K [0x000000077ae00000, 0x000000077c300000, 0x0000000780000000)
  object space 21504K, 53% used [0x000000077ae00000,0x000000077b9220b8,0x000000077c300000)
}
Event: 6.566 GC heap before
{Heap before GC invocations=5 (full 0):
 PSYoungGen      total 72704K, used 72672K [0x00000007d5500000, 0x00000007da100000, 0x0000000800000000)
  eden space 67584K, 100% used [0x00000007d5500000,0x00000007d9700000,0x00000007d9700000)
  from space 5120K, 99% used [0x00000007d9c00000,0x00000007da0f82e8,0x00000007da100000)
  to   space 5120K, 0% used [0x00000007d9700000,0x00000007d9700000,0x00000007d9c00000)
 ParOldGen       total 87040K, used 31215K [0x0000000780000000, 0x0000000785500000, 0x00000007d5500000)
  object space 87040K, 35% used [0x0000000780000000,0x0000000781e7bf08,0x0000000785500000)
 PSPermGen       total 21504K, used 11400K [0x000000077ae00000, 0x000000077c300000, 0x0000000780000000)
  object space 21504K, 53% used [0x000000077ae00000,0x000000077b9223b0,0x000000077c300000)
Event: 6.570 GC heap after
Heap after GC invocations=5 (full 0):
 PSYoungGen      total 72704K, used 4321K [0x00000007d5500000, 0x00000007e1800000, 0x0000000800000000)
  eden space 67584K, 0% used [0x00000007d5500000,0x00000007d5500000,0x00000007d9700000)
  from space 5120K, 84% used [0x00000007d9700000,0x00000007d9b384e0,0x00000007d9c00000)
  to   space 32256K, 0% used [0x00000007df880000,0x00000007df880000,0x00000007e1800000)
 ParOldGen       total 87040K, used 32239K [0x0000000780000000, 0x0000000785500000, 0x00000007d5500000)
  object space 87040K, 37% used [0x0000000780000000,0x0000000781f7bf18,0x0000000785500000)
 PSPermGen       total 21504K, used 11400K [0x000000077ae00000, 0x000000077c300000, 0x0000000780000000)
  object space 21504K, 53% used [0x000000077ae00000,0x000000077b9223b0,0x000000077c300000)
}
Event: 7.194 GC heap before
{Heap before GC invocations=6 (full 0):
 PSYoungGen      total 72704K, used 56222K [0x00000007d5500000, 0x00000007e1800000, 0x0000000800000000)
  eden space 67584K, 76% used [0x00000007d5500000,0x00000007d87af658,0x00000007d9700000)
  from space 5120K, 84% used [0x00000007d9700000,0x00000007d9b384e0,0x00000007d9c00000)
  to   space 32256K, 0% used [0x00000007df880000,0x00000007df880000,0x00000007e1800000)
 ParOldGen       total 87040K, used 32239K [0x0000000780000000, 0x0000000785500000, 0x00000007d5500000)
  object space 87040K, 37% used [0x0000000780000000,0x0000000781f7bf18,0x0000000785500000)
 PSPermGen       total 21504K, used 11414K [0x000000077ae00000, 0x000000077c300000, 0x0000000780000000)
  object space 21504K, 53% used [0x000000077ae00000,0x000000077b925858,0x000000077c300000)
Event: 7.198 GC heap after
Heap after GC invocations=6 (full 0):
 PSYoungGen      total 163328K, used 5284K [0x00000007d5500000, 0x00000007e1400000, 0x0000000800000000)
  eden space 135168K, 0% used [0x00000007d5500000,0x00000007d5500000,0x00000007dd900000)
  from space 28160K, 18% used [0x00000007df880000,0x00000007dfda92f0,0x00000007e1400000)
  to   space 30208K, 0% used [0x00000007dd900000,0x00000007dd900000,0x00000007df680000)
 ParOldGen       total 87040K, used 32239K [0x0000000780000000, 0x0000000785500000, 0x00000007d5500000)
  object space 87040K, 37% used [0x0000000780000000,0x0000000781f7bf18,0x0000000785500000)
 PSPermGen       total 21504K, used 11414K [0x000000077ae00000, 0x000000077c300000, 0x0000000780000000)
  object space 21504K, 53% used [0x000000077ae00000,0x000000077b925858,0x000000077c300000)
}

