# JRE version: Java(TM) SE Runtime Environment (7.0_51-b13) (build 1.7.0_51-b13)
# Java VM: Java HotSpot(TM) 64-Bit Server VM (24.51-b03 mixed mode bsd-amd64 compressed oops)
Heap
 PSYoungGen      total 164352K, used 122821K [0x00000007d5500000, 0x00000007e1600000, 0x0000000800000000)
  eden space 135168K, 86% used [0x00000007d5500000,0x00000007dc7d01f8,0x00000007dd900000)
  from space 29184K, 17% used [0x00000007df980000,0x00000007dfea12d0,0x00000007e1600000)
  to   space 31232K, 0% used [0x00000007dd900000,0x00000007dd900000,0x00000007df780000)
 ParOldGen       total 87040K, used 32113K [0x0000000780000000, 0x0000000785500000, 0x00000007d5500000)
  object space 87040K, 36% used [0x0000000780000000,0x0000000781f5c438,0x0000000785500000)
 PSPermGen       total 21504K, used 18877K [0x000000077ae00000, 0x000000077c300000, 0x0000000780000000)
  object space 21504K, 87% used [0x000000077ae00000,0x000000077c06f6b0,0x000000077c300000)
GC Heap History (10 events):
Event: 3.815 GC heap before
{Heap before GC invocations=2 (full 0):
 PSYoungGen      total 38912K, used 38486K [0x00000007d5500000, 0x00000007d8000000, 0x0000000800000000)
  eden space 33792K, 98% used [0x00000007d5500000,0x00000007d7597e30,0x00000007d7600000)
  from space 5120K, 99% used [0x00000007d7600000,0x00000007d7afdab8,0x00000007d7b00000)
  to   space 5120K, 0% used [0x00000007d7b00000,0x00000007d7b00000,0x00000007d8000000)
 ParOldGen       total 87040K, used 407K [0x0000000780000000, 0x0000000785500000, 0x00000007d5500000)
  object space 87040K, 0% used [0x0000000780000000,0x0000000780065e30,0x0000000785500000)
 PSPermGen       total 21504K, used 11064K [0x000000077ae00000, 0x000000077c300000, 0x0000000780000000)
  object space 21504K, 51% used [0x000000077ae00000,0x000000077b8ce2b8,0x000000077c300000)
Event: 3.823 GC heap after
Heap after GC invocations=2 (full 0):
 PSYoungGen      total 38912K, used 4667K [0x00000007d5500000, 0x00000007d8000000, 0x0000000800000000)
  eden space 33792K, 0% used [0x00000007d5500000,0x00000007d5500000,0x00000007d7600000)
  from space 5120K, 91% used [0x00000007d7b00000,0x00000007d7f8ed10,0x00000007d8000000)
  to   space 5120K, 0% used [0x00000007d7600000,0x00000007d7600000,0x00000007d7b00000)
 ParOldGen       total 87040K, used 407K [0x0000000780000000, 0x0000000785500000, 0x00000007d5500000)
  object space 87040K, 0% used [0x0000000780000000,0x0000000780065e30,0x0000000785500000)
 PSPermGen       total 21504K, used 11064K [0x000000077ae00000, 0x000000077c300000, 0x0000000780000000)
  object space 21504K, 51% used [0x000000077ae00000,0x000000077b8ce2b8,0x000000077c300000)
}
Event: 4.834 GC heap before
{Heap before GC invocations=3 (full 0):
 PSYoungGen      total 38912K, used 38459K [0x00000007d5500000, 0x00000007d8000000, 0x0000000800000000)
  eden space 33792K, 100% used [0x00000007d5500000,0x00000007d7600000,0x00000007d7600000)
  from space 5120K, 91% used [0x00000007d7b00000,0x00000007d7f8ed10,0x00000007d8000000)
  to   space 5120K, 0% used [0x00000007d7600000,0x00000007d7600000,0x00000007d7b00000)
 ParOldGen       total 87040K, used 407K [0x0000000780000000, 0x0000000785500000, 0x00000007d5500000)
  object space 87040K, 0% used [0x0000000780000000,0x0000000780065e30,0x0000000785500000)
 PSPermGen       total 21504K, used 11303K [0x000000077ae00000, 0x000000077c300000, 0x0000000780000000)
  object space 21504K, 52% used [0x000000077ae00000,0x000000077b909e38,0x000000077c300000)
Event: 4.864 GC heap after
Heap after GC invocations=3 (full 0):
 PSYoungGen      total 38912K, used 5110K [0x00000007d5500000, 0x00000007da100000, 0x0000000800000000)
  eden space 33792K, 0% used [0x00000007d5500000,0x00000007d5500000,0x00000007d7600000)
  from space 5120K, 99% used [0x00000007d7600000,0x00000007d7afd938,0x00000007d7b00000)
  to   space 5120K, 0% used [0x00000007d9c00000,0x00000007d9c00000,0x00000007da100000)
 ParOldGen       total 87040K, used 32048K [0x0000000780000000, 0x0000000785500000, 0x00000007d5500000)
  object space 87040K, 36% used [0x0000000780000000,0x0000000781f4c008,0x0000000785500000)
 PSPermGen       total 21504K, used 11303K [0x000000077ae00000, 0x000000077c300000, 0x0000000780000000)
  object space 21504K, 52% used [0x000000077ae00000,0x000000077b909e38,0x000000077c300000)
}
Event: 5.569 GC heap before
{Heap before GC invocations=4 (full 0):
 PSYoungGen      total 38912K, used 38902K [0x00000007d5500000, 0x00000007da100000, 0x0000000800000000)
  eden space 33792K, 100% used [0x00000007d5500000,0x00000007d7600000,0x00000007d7600000)
  from space 5120K, 99% used [0x00000007d7600000,0x00000007d7afd938,0x00000007d7b00000)
  to   space 5120K, 0% used [0x00000007d9c00000,0x00000007d9c00000,0x00000007da100000)
 ParOldGen       total 87040K, used 32048K [0x0000000780000000, 0x0000000785500000, 0x00000007d5500000)
  object space 87040K, 36% used [0x0000000780000000,0x0000000781f4c008,0x0000000785500000)
 PSPermGen       total 21504K, used 11308K [0x000000077ae00000, 0x000000077c300000, 0x0000000780000000)
  object space 21504K, 52% used [0x000000077ae00000,0x000000077b90b2a8,0x000000077c300000)
Event: 5.574 GC heap after
Heap after GC invocations=4 (full 0):
 PSYoungGen      total 72704K, used 4178K [0x00000007d5500000, 0x00000007da100000, 0x0000000800000000)
  eden space 67584K, 0% used [0x00000007d5500000,0x00000007d5500000,0x00000007d9700000)
  from space 5120K, 81% used [0x00000007d9c00000,0x00000007da014920,0x00000007da100000)
  to   space 5120K, 0% used [0x00000007d9700000,0x00000007d9700000,0x00000007d9c00000)
 ParOldGen       total 87040K, used 32048K [0x0000000780000000, 0x0000000785500000, 0x00000007d5500000)
  object space 87040K, 36% used [0x0000000780000000,0x0000000781f4c008,0x0000000785500000)
 PSPermGen       total 21504K, used 11308K [0x000000077ae00000, 0x000000077c300000, 0x0000000780000000)
  object space 21504K, 52% used [0x000000077ae00000,0x000000077b90b2a8,0x000000077c300000)
}
Event: 6.843 GC heap before
{Heap before GC invocations=5 (full 0):
 PSYoungGen      total 72704K, used 71762K [0x00000007d5500000, 0x00000007da100000, 0x0000000800000000)
  eden space 67584K, 100% used [0x00000007d5500000,0x00000007d9700000,0x00000007d9700000)
  from space 5120K, 81% used [0x00000007d9c00000,0x00000007da014920,0x00000007da100000)
  to   space 5120K, 0% used [0x00000007d9700000,0x00000007d9700000,0x00000007d9c00000)
 ParOldGen       total 87040K, used 32048K [0x0000000780000000, 0x0000000785500000, 0x00000007d5500000)
  object space 87040K, 36% used [0x0000000780000000,0x0000000781f4c008,0x0000000785500000)
 PSPermGen       total 21504K, used 11388K [0x000000077ae00000, 0x000000077c300000, 0x0000000780000000)
  object space 21504K, 52% used [0x000000077ae00000,0x000000077b91f368,0x000000077c300000)
Event: 6.855 GC heap after
Heap after GC invocations=5 (full 0):
 PSYoungGen      total 72704K, used 5109K [0x00000007d5500000, 0x00000007e1a00000, 0x0000000800000000)
  eden space 67584K, 0% used [0x00000007d5500000,0x00000007d5500000,0x00000007d9700000)
  from space 5120K, 99% used [0x00000007d9700000,0x00000007d9bfd710,0x00000007d9c00000)
  to   space 33280K, 0% used [0x00000007df980000,0x00000007df980000,0x00000007e1a00000)
 ParOldGen       total 87040K, used 32113K [0x0000000780000000, 0x0000000785500000, 0x00000007d5500000)
  object space 87040K, 36% used [0x0000000780000000,0x0000000781f5c438,0x0000000785500000)
 PSPermGen       total 21504K, used 11388K [0x000000077ae00000, 0x000000077c300000, 0x0000000780000000)
  object space 21504K, 52% used [0x000000077ae00000,0x000000077b91f368,0x000000077c300000)
}
Event: 7.524 GC heap before
{Heap before GC invocations=6 (full 0):
 PSYoungGen      total 72704K, used 56839K [0x00000007d5500000, 0x00000007e1a00000, 0x0000000800000000)
  eden space 67584K, 76% used [0x00000007d5500000,0x00000007d8784760,0x00000007d9700000)
  from space 5120K, 99% used [0x00000007d9700000,0x00000007d9bfd710,0x00000007d9c00000)
  to   space 33280K, 0% used [0x00000007df980000,0x00000007df980000,0x00000007e1a00000)
 ParOldGen       total 87040K, used 32113K [0x0000000780000000, 0x0000000785500000, 0x00000007d5500000)
  object space 87040K, 36% used [0x0000000780000000,0x0000000781f5c438,0x0000000785500000)
 PSPermGen       total 21504K, used 11413K [0x000000077ae00000, 0x000000077c300000, 0x0000000780000000)
  object space 21504K, 53% used [0x000000077ae00000,0x000000077b925740,0x000000077c300000)
Event: 7.529 GC heap after
Heap after GC invocations=6 (full 0):
 PSYoungGen      total 164352K, used 5252K [0x00000007d5500000, 0x00000007e1600000, 0x0000000800000000)
  eden space 135168K, 0% used [0x00000007d5500000,0x00000007d5500000,0x00000007dd900000)
  from space 29184K, 17% used [0x00000007df980000,0x00000007dfea12d0,0x00000007e1600000)
  to   space 31232K, 0% used [0x00000007dd900000,0x00000007dd900000,0x00000007df780000)
 ParOldGen       total 87040K, used 32113K [0x0000000780000000, 0x0000000785500000, 0x00000007d5500000)
  object space 87040K, 36% used [0x0000000780000000,0x0000000781f5c438,0x0000000785500000)
 PSPermGen       total 21504K, used 11413K [0x000000077ae00000, 0x000000077c300000, 0x0000000780000000)
  object space 21504K, 53% used [0x000000077ae00000,0x000000077b925740,0x000000077c300000)
}

