# JRE version: Java(TM) SE Runtime Environment (7.0_51-b13) (build 1.7.0_51-b13)
# Java VM: Java HotSpot(TM) 64-Bit Server VM (24.51-b03 mixed mode bsd-amd64 compressed oops)
Heap
 PSYoungGen      total 163840K, used 131653K [0x00000007d5500000, 0x00000007e1400000, 0x0000000800000000)
  eden space 135168K, 93% used [0x00000007d5500000,0x00000007dd0b7478,0x00000007dd900000)
  from space 28672K, 17% used [0x00000007df800000,0x00000007dfcda380,0x00000007e1400000)
  to   space 30208K, 0% used [0x00000007dd900000,0x00000007dd900000,0x00000007df680000)
 ParOldGen       total 87040K, used 31661K [0x0000000780000000, 0x0000000785500000, 0x00000007d5500000)
  object space 87040K, 36% used [0x0000000780000000,0x0000000781eeb720,0x0000000785500000)
 PSPermGen       total 21504K, used 18982K [0x000000077ae00000, 0x000000077c300000, 0x0000000780000000)
  object space 21504K, 88% used [0x000000077ae00000,0x000000077c089a18,0x000000077c300000)
GC Heap History (10 events):
Event: 3.353 GC heap before
{Heap before GC invocations=2 (full 0):
 PSYoungGen      total 38912K, used 38656K [0x00000007d5500000, 0x00000007d8000000, 0x0000000800000000)
  eden space 33792K, 99% used [0x00000007d5500000,0x00000007d75c1908,0x00000007d7600000)
  from space 5120K, 99% used [0x00000007d7600000,0x00000007d7afe8b0,0x00000007d7b00000)
  to   space 5120K, 0% used [0x00000007d7b00000,0x00000007d7b00000,0x00000007d8000000)
 ParOldGen       total 87040K, used 478K [0x0000000780000000, 0x0000000785500000, 0x00000007d5500000)
  object space 87040K, 0% used [0x0000000780000000,0x0000000780077870,0x0000000785500000)
 PSPermGen       total 21504K, used 11071K [0x000000077ae00000, 0x000000077c300000, 0x0000000780000000)
  object space 21504K, 51% used [0x000000077ae00000,0x000000077b8cfe78,0x000000077c300000)
Event: 3.359 GC heap after
Heap after GC invocations=2 (full 0):
 PSYoungGen      total 38912K, used 5114K [0x00000007d5500000, 0x00000007d8000000, 0x0000000800000000)
  eden space 33792K, 0% used [0x00000007d5500000,0x00000007d5500000,0x00000007d7600000)
  from space 5120K, 99% used [0x00000007d7b00000,0x00000007d7ffeba8,0x00000007d8000000)
  to   space 5120K, 0% used [0x00000007d7600000,0x00000007d7600000,0x00000007d7b00000)
 ParOldGen       total 87040K, used 1309K [0x0000000780000000, 0x0000000785500000, 0x00000007d5500000)
  object space 87040K, 1% used [0x0000000780000000,0x0000000780147558,0x0000000785500000)
 PSPermGen       total 21504K, used 11071K [0x000000077ae00000, 0x000000077c300000, 0x0000000780000000)
  object space 21504K, 51% used [0x000000077ae00000,0x000000077b8cfe78,0x000000077c300000)
}
Event: 4.615 GC heap before
{Heap before GC invocations=3 (full 0):
 PSYoungGen      total 38912K, used 38906K [0x00000007d5500000, 0x00000007d8000000, 0x0000000800000000)
  eden space 33792K, 100% used [0x00000007d5500000,0x00000007d7600000,0x00000007d7600000)
  from space 5120K, 99% used [0x00000007d7b00000,0x00000007d7ffeba8,0x00000007d8000000)
  to   space 5120K, 0% used [0x00000007d7600000,0x00000007d7600000,0x00000007d7b00000)
 ParOldGen       total 87040K, used 1309K [0x0000000780000000, 0x0000000785500000, 0x00000007d5500000)
  object space 87040K, 1% used [0x0000000780000000,0x0000000780147558,0x0000000785500000)
 PSPermGen       total 21504K, used 11302K [0x000000077ae00000, 0x000000077c300000, 0x0000000780000000)
  object space 21504K, 52% used [0x000000077ae00000,0x000000077b909ac8,0x000000077c300000)
Event: 4.642 GC heap after
Heap after GC invocations=3 (full 0):
 PSYoungGen      total 38912K, used 5112K [0x00000007d5500000, 0x00000007da100000, 0x0000000800000000)
  eden space 33792K, 0% used [0x00000007d5500000,0x00000007d5500000,0x00000007d7600000)
  from space 5120K, 99% used [0x00000007d7600000,0x00000007d7afe370,0x00000007d7b00000)
  to   space 5120K, 0% used [0x00000007d9c00000,0x00000007d9c00000,0x00000007da100000)
 ParOldGen       total 87040K, used 31421K [0x0000000780000000, 0x0000000785500000, 0x00000007d5500000)
  object space 87040K, 36% used [0x0000000780000000,0x0000000781eaf700,0x0000000785500000)
 PSPermGen       total 21504K, used 11302K [0x000000077ae00000, 0x000000077c300000, 0x0000000780000000)
  object space 21504K, 52% used [0x000000077ae00000,0x000000077b909ac8,0x000000077c300000)
}
Event: 5.376 GC heap before
{Heap before GC invocations=4 (full 0):
 PSYoungGen      total 38912K, used 38904K [0x00000007d5500000, 0x00000007da100000, 0x0000000800000000)
  eden space 33792K, 100% used [0x00000007d5500000,0x00000007d7600000,0x00000007d7600000)
  from space 5120K, 99% used [0x00000007d7600000,0x00000007d7afe370,0x00000007d7b00000)
  to   space 5120K, 0% used [0x00000007d9c00000,0x00000007d9c00000,0x00000007da100000)
 ParOldGen       total 87040K, used 31421K [0x0000000780000000, 0x0000000785500000, 0x00000007d5500000)
  object space 87040K, 36% used [0x0000000780000000,0x0000000781eaf700,0x0000000785500000)
 PSPermGen       total 21504K, used 11307K [0x000000077ae00000, 0x000000077c300000, 0x0000000780000000)
  object space 21504K, 52% used [0x000000077ae00000,0x000000077b90af38,0x000000077c300000)
Event: 5.384 GC heap after
Heap after GC invocations=4 (full 0):
 PSYoungGen      total 72704K, used 5096K [0x00000007d5500000, 0x00000007da100000, 0x0000000800000000)
  eden space 67584K, 0% used [0x00000007d5500000,0x00000007d5500000,0x00000007d9700000)
  from space 5120K, 99% used [0x00000007d9c00000,0x00000007da0fa380,0x00000007da100000)
  to   space 5120K, 0% used [0x00000007d9700000,0x00000007d9700000,0x00000007d9c00000)
 ParOldGen       total 87040K, used 31429K [0x0000000780000000, 0x0000000785500000, 0x00000007d5500000)
  object space 87040K, 36% used [0x0000000780000000,0x0000000781eb1700,0x0000000785500000)
 PSPermGen       total 21504K, used 11307K [0x000000077ae00000, 0x000000077c300000, 0x0000000780000000)
  object space 21504K, 52% used [0x000000077ae00000,0x000000077b90af38,0x000000077c300000)
}
Event: 6.612 GC heap before
{Heap before GC invocations=5 (full 0):
 PSYoungGen      total 72704K, used 72680K [0x00000007d5500000, 0x00000007da100000, 0x0000000800000000)
  eden space 67584K, 100% used [0x00000007d5500000,0x00000007d9700000,0x00000007d9700000)
  from space 5120K, 99% used [0x00000007d9c00000,0x00000007da0fa380,0x00000007da100000)
  to   space 5120K, 0% used [0x00000007d9700000,0x00000007d9700000,0x00000007d9c00000)
 ParOldGen       total 87040K, used 31429K [0x0000000780000000, 0x0000000785500000, 0x00000007d5500000)
  object space 87040K, 36% used [0x0000000780000000,0x0000000781eb1700,0x0000000785500000)
 PSPermGen       total 21504K, used 11321K [0x000000077ae00000, 0x000000077c300000, 0x0000000780000000)
  object space 21504K, 52% used [0x000000077ae00000,0x000000077b90e450,0x000000077c300000)
Event: 6.630 GC heap after
Heap after GC invocations=5 (full 0):
 PSYoungGen      total 72704K, used 5096K [0x00000007d5500000, 0x00000007e1700000, 0x0000000800000000)
  eden space 67584K, 0% used [0x00000007d5500000,0x00000007d5500000,0x00000007d9700000)
  from space 5120K, 99% used [0x00000007d9700000,0x00000007d9bfa380,0x00000007d9c00000)
  to   space 31744K, 0% used [0x00000007df800000,0x00000007df800000,0x00000007e1700000)
 ParOldGen       total 87040K, used 31653K [0x0000000780000000, 0x0000000785500000, 0x00000007d5500000)
  object space 87040K, 36% used [0x0000000780000000,0x0000000781ee9720,0x0000000785500000)
 PSPermGen       total 21504K, used 11321K [0x000000077ae00000, 0x000000077c300000, 0x0000000780000000)
  object space 21504K, 52% used [0x000000077ae00000,0x000000077b90e450,0x000000077c300000)
}
Event: 7.245 GC heap before
{Heap before GC invocations=6 (full 0):
 PSYoungGen      total 72704K, used 57093K [0x00000007d5500000, 0x00000007e1700000, 0x0000000800000000)
  eden space 67584K, 76% used [0x00000007d5500000,0x00000007d87c7428,0x00000007d9700000)
  from space 5120K, 99% used [0x00000007d9700000,0x00000007d9bfa380,0x00000007d9c00000)
  to   space 31744K, 0% used [0x00000007df800000,0x00000007df800000,0x00000007e1700000)
 ParOldGen       total 87040K, used 31653K [0x0000000780000000, 0x0000000785500000, 0x00000007d5500000)
  object space 87040K, 36% used [0x0000000780000000,0x0000000781ee9720,0x0000000785500000)
 PSPermGen       total 21504K, used 11413K [0x000000077ae00000, 0x000000077c300000, 0x0000000780000000)
  object space 21504K, 53% used [0x000000077ae00000,0x000000077b925770,0x000000077c300000)
Event: 7.249 GC heap after
Heap after GC invocations=6 (full 0):
 PSYoungGen      total 163840K, used 4968K [0x00000007d5500000, 0x00000007e1400000, 0x0000000800000000)
  eden space 135168K, 0% used [0x00000007d5500000,0x00000007d5500000,0x00000007dd900000)
  from space 28672K, 17% used [0x00000007df800000,0x00000007dfcda380,0x00000007e1400000)
  to   space 30208K, 0% used [0x00000007dd900000,0x00000007dd900000,0x00000007df680000)
 ParOldGen       total 87040K, used 31661K [0x0000000780000000, 0x0000000785500000, 0x00000007d5500000)
  object space 87040K, 36% used [0x0000000780000000,0x0000000781eeb720,0x0000000785500000)
 PSPermGen       total 21504K, used 11413K [0x000000077ae00000, 0x000000077c300000, 0x0000000780000000)
  object space 21504K, 53% used [0x000000077ae00000,0x000000077b925770,0x000000077c300000)
}

